[2023-09-23 18:08:35.631] [info] Logseq App(0.9.18) Starting... 
[2023-09-23 18:08:35.636] [info] restore proxy settings {:type "system"}
[2023-09-23 18:08:35.636] [info] set proxy to {:type "system"}
[2023-09-23 18:08:38.166] [debug] :electron.handler/watch-dir {:path "/home/logno/.logseq/config"}
[2023-09-23 18:11:11.097] [info] :electron.handler/open-dir open folder selection dialog
[2023-09-23 18:11:31.593] [debug] :electron.handler/open-dir {:path "/home/logno/Documents"}
[2023-09-23 18:11:31.700] [debug] :electron.handler/watch-dir {:path "/home/logno/Documents"}
[2023-09-23 18:12:40.697] [info] new-window https://github.com/vipzhicheng/logseq-plugin-vim-shortcuts/releases
[2023-09-23 18:12:48.147] [debug] [Marketplace] === Installing: vipzhicheng/logseq-plugin-vim-shortcuts ===
[2023-09-23 18:12:49.234] [debug] [Marketplace] INFO: use github api -  https://plugins.logseq.io/github/api
[2023-09-23 18:12:49.941] [debug] [Marketplace] Release latest: https://plugins.logseq.io/github/api/repos/vipzhicheng/logseq-plugin-vim-shortcuts/releases/latest :status 200
[2023-09-23 18:12:49.956] [debug] [Marketplace] Release latest: v0.1.19  from https://api.github.com/repos/vipzhicheng/logseq-plugin-vim-shortcuts/releases/assets/105886549
[2023-09-23 18:12:51.012] [debug] [Marketplace] [Updated DONE] v0.1.19
[2023-09-23 18:13:09.749] [debug] window-all-closed Quitting...
[2023-09-23 18:13:10.475] [info] Logseq App(0.9.18) Starting... 
[2023-09-23 18:13:10.482] [info] restore proxy settings {:type "system"}
[2023-09-23 18:13:10.483] [info] set proxy to {:type "system"}
[2023-09-23 18:13:13.064] [debug] :electron.handler/watch-dir {:path "/home/logno/.logseq/config"}
[2023-09-23 18:13:13.109] [debug] :electron.handler/unwatch-dir {:path "/home/logno/Documents"}
[2023-09-23 18:13:13.110] [debug] :electron.handler/watch-dir {:path "/home/logno/Documents"}
[2023-09-23 18:25:01.366] [info] new-window https://docs.logseq.com/#/page/tutorial
[2023-09-23 18:28:48.894] [debug] window-all-closed Quitting...
[2023-09-24 00:47:24.587] [info] Logseq App(0.9.18) Starting... 
[2023-09-24 00:47:24.591] [info] restore proxy settings {:type "system"}
[2023-09-24 00:47:24.592] [info] set proxy to {:type "system"}
[2023-09-24 00:47:27.256] [debug] :electron.handler/watch-dir {:path "/home/logno/.logseq/config"}
[2023-09-24 00:47:27.298] [debug] :electron.handler/unwatch-dir {:path "/home/logno/Documents"}
[2023-09-24 00:47:27.298] [debug] :electron.handler/watch-dir {:path "/home/logno/Documents"}
[2023-09-24 01:12:53.772] [info] Logseq App(0.9.18) Starting... 
[2023-09-24 01:12:53.778] [info] restore proxy settings {:type "system"}
[2023-09-24 01:12:53.779] [info] set proxy to {:type "system"}
[2023-09-24 01:12:56.723] [debug] :electron.handler/watch-dir {:path "/home/logno/.logseq/config"}
[2023-09-24 01:12:56.765] [debug] :electron.handler/unwatch-dir {:path "/home/logno/Documents"}
[2023-09-24 01:12:56.766] [debug] :electron.handler/watch-dir {:path "/home/logno/Documents"}
[2023-09-24 01:15:12.948] [info] :electron.handler/open-dir open folder selection dialog
[2023-09-24 01:15:22.043] [debug] :electron.handler/open-dir {:path "/home/logno/notes"}
[2023-09-24 01:15:22.271] [debug] :electron.handler/watch-dir {:path "/home/logno/notes"}
[2023-09-24 01:29:07.558] [debug] window-all-closed Quitting...
[2023-09-24 01:29:09.363] [info] Logseq App(0.9.18) Starting... 
[2023-09-24 01:29:09.367] [info] restore proxy settings {:type "system"}
[2023-09-24 01:29:09.367] [info] set proxy to {:type "system"}
[2023-09-24 01:29:11.904] [debug] :electron.handler/watch-dir {:path "/home/logno/.logseq/config"}
[2023-09-24 01:29:11.946] [debug] :electron.handler/unwatch-dir {:path "/home/logno/notes"}
[2023-09-24 01:29:11.946] [debug] :electron.handler/watch-dir {:path "/home/logno/notes"}
[2023-09-24 15:06:04.491] [debug] [Marketplace] === Updating: vipzhicheng/logseq-plugin-vim-shortcuts ===
[2023-09-24 15:06:05.162] [debug] [Marketplace] INFO: use github api -  https://plugins.logseq.io/github/api
[2023-09-24 15:06:05.838] [debug] [Marketplace] Release latest: https://plugins.logseq.io/github/api/repos/vipzhicheng/logseq-plugin-vim-shortcuts/releases/latest :status 200
[2023-09-24 15:06:05.849] [debug] [Marketplace] Release latest: v0.1.19  from https://api.github.com/repos/vipzhicheng/logseq-plugin-vim-shortcuts/releases/assets/105886549
[2023-09-24 15:06:05.852] [debug] [Marketplace] Release compare: v0.1.19 (current) >  v0.1.19 (latest)
[2023-09-24 15:06:05.853] [debug] [Marketplace] Update skip: no new version
[2023-09-24 15:07:08.629] [debug] window-all-closed Quitting...
[2023-09-24 15:07:10.110] [info] Logseq App(0.9.18) Starting... 
[2023-09-24 15:07:10.115] [info] restore proxy settings {:type "system"}
[2023-09-24 15:07:10.116] [info] set proxy to {:type "system"}
[2023-09-24 15:07:12.618] [debug] :electron.handler/watch-dir {:path "/home/logno/.logseq/config"}
[2023-09-24 15:07:12.658] [debug] :electron.handler/unwatch-dir {:path "/home/logno/notes"}
[2023-09-24 15:07:12.659] [debug] :electron.handler/watch-dir {:path "/home/logno/notes"}
[2023-09-24 15:10:42.476] [debug] window-all-closed Quitting...
[2023-09-24 15:10:44.112] [info] Logseq App(0.9.18) Starting... 
[2023-09-24 15:10:44.118] [info] restore proxy settings {:type "system"}
[2023-09-24 15:10:44.119] [info] set proxy to {:type "system"}
[2023-09-24 15:10:46.656] [debug] :electron.handler/watch-dir {:path "/home/logno/.logseq/config"}
[2023-09-24 15:10:46.701] [debug] :electron.handler/unwatch-dir {:path "/home/logno/notes"}
[2023-09-24 15:10:46.702] [debug] :electron.handler/watch-dir {:path "/home/logno/notes"}
[2023-09-24 15:10:48.951] [debug] window-all-closed Quitting...
[2023-09-24 15:10:51.615] [info] Logseq App(0.9.18) Starting... 
[2023-09-24 15:10:51.620] [info] restore proxy settings {:type "system"}
[2023-09-24 15:10:51.621] [info] set proxy to {:type "system"}
[2023-09-24 15:10:54.232] [debug] :electron.handler/watch-dir {:path "/home/logno/.logseq/config"}
[2023-09-24 15:10:54.273] [debug] :electron.handler/unwatch-dir {:path "/home/logno/notes"}
[2023-09-24 15:10:54.274] [debug] :electron.handler/watch-dir {:path "/home/logno/notes"}
[2023-09-24 15:48:38.583] [debug] window-all-closed Quitting...
[2023-09-24 15:48:40.056] [info] Logseq App(0.9.18) Starting... 
[2023-09-24 15:48:40.060] [info] restore proxy settings {:type "system"}
[2023-09-24 15:48:40.061] [info] set proxy to {:type "system"}
[2023-09-24 15:48:42.587] [debug] :electron.handler/watch-dir {:path "/home/logno/.logseq/config"}
[2023-09-24 15:48:42.630] [debug] :electron.handler/unwatch-dir {:path "/home/logno/notes"}
[2023-09-24 15:48:42.631] [debug] :electron.handler/watch-dir {:path "/home/logno/notes"}
[2023-09-24 15:50:09.875] [info] :electron.handler/backup backup db file logseq/custom.css
[2023-09-24 15:50:28.068] [info] :electron.handler/backup backup db file logseq/custom.css
[2023-09-24 15:50:34.773] [info] :electron.handler/backup backup db file logseq/custom.css
[2023-09-24 15:52:06.891] [info] :electron.handler/backup backup db file logseq/custom.css
[2023-09-24 15:52:26.360] [info] :electron.handler/backup backup db file logseq/custom.css
[2023-09-24 15:52:37.657] [info] :electron.handler/backup backup db file logseq/custom.css
[2023-09-24 15:53:20.546] [info] :electron.handler/backup backup db file logseq/custom.css
[2023-09-24 15:54:00.897] [info] :electron.handler/backup backup db file logseq/custom.css
[2023-09-24 15:54:10.598] [info] :electron.handler/backup backup db file logseq/custom.css
[2023-09-24 15:54:33.214] [debug] window-all-closed Quitting...
[2023-09-24 15:54:35.145] [info] Logseq App(0.9.18) Starting... 
[2023-09-24 15:54:35.149] [info] restore proxy settings {:type "system"}
[2023-09-24 15:54:35.150] [info] set proxy to {:type "system"}
[2023-09-24 15:54:37.706] [debug] :electron.handler/watch-dir {:path "/home/logno/.logseq/config"}
[2023-09-24 15:54:37.748] [debug] :electron.handler/unwatch-dir {:path "/home/logno/notes"}
[2023-09-24 15:54:37.749] [debug] :electron.handler/watch-dir {:path "/home/logno/notes"}
[2023-09-25 15:08:30.880] [debug] [Marketplace] === Updating: vipzhicheng/logseq-plugin-vim-shortcuts ===
[2023-09-25 15:08:31.899] [debug] [Marketplace] INFO: use github api -  https://plugins.logseq.io/github/api
[2023-09-25 15:08:36.907] [debug] [Marketplace] FetchError: network timeout at: https://plugins.logseq.io/github/api/repos/vipzhicheng/logseq-plugin-vim-shortcuts/releases/latest
    at Timeout.<anonymous> (/opt/logseq-desktop-bin/resources/app/node_modules/node-fetch/lib/index.js:1484:13)
    at listOnTimeout (node:internal/timers:569:17)
    at process.processTimers (node:internal/timers:512:7)
[2023-09-25 15:08:36.915] [debug] [Marketplace] Error: [:release-channel-issue "network timeout at: https://plugins.logseq.io/github/api/repos/vipzhicheng/logseq-plugin-vim-shortcuts/releases/latest"]
    at /opt/logseq-desktop-bin/resources/app/electron.js:14218:11
    at /opt/logseq-desktop-bin/resources/app/electron.js:13088:152
    at process.processTicksAndRejections (node:internal/process/task_queues:95:5)
[2023-09-26 03:30:01.028] [debug] [Marketplace] === Updating: vipzhicheng/logseq-plugin-vim-shortcuts ===
[2023-09-26 03:30:01.879] [debug] [Marketplace] INFO: use github api -  https://plugins.logseq.io/github/api
[2023-09-26 03:30:02.623] [debug] [Marketplace] Release latest: https://plugins.logseq.io/github/api/repos/vipzhicheng/logseq-plugin-vim-shortcuts/releases/latest :status 200
[2023-09-26 03:30:02.636] [debug] [Marketplace] Release latest: v0.1.19  from https://api.github.com/repos/vipzhicheng/logseq-plugin-vim-shortcuts/releases/assets/105886549
[2023-09-26 03:30:02.639] [debug] [Marketplace] Release compare: v0.1.19 (current) >  v0.1.19 (latest)
[2023-09-26 03:30:02.640] [debug] [Marketplace] Update skip: no new version
[2023-09-26 17:59:33.268] [debug] [Marketplace] === Updating: vipzhicheng/logseq-plugin-vim-shortcuts ===
[2023-09-26 17:59:33.687] [debug] [Marketplace] INFO: use github api -  https://plugins.logseq.io/github/api
[2023-09-26 17:59:34.293] [debug] [Marketplace] Release latest: https://plugins.logseq.io/github/api/repos/vipzhicheng/logseq-plugin-vim-shortcuts/releases/latest :status 200
[2023-09-26 17:59:34.299] [debug] [Marketplace] Release latest: v0.1.19  from https://api.github.com/repos/vipzhicheng/logseq-plugin-vim-shortcuts/releases/assets/105886549
[2023-09-26 17:59:34.300] [debug] [Marketplace] Release compare: v0.1.19 (current) >  v0.1.19 (latest)
[2023-09-26 17:59:34.301] [debug] [Marketplace] Update skip: no new version
